#
# There is insufficient memory for the Java Runtime Environment to continue.
# Native memory allocation (mmap) failed to map 134217728 bytes for G1 virtual space
# Possible reasons:
#   The system is out of physical RAM or swap space
#   The process is running with CompressedOops enabled, and the Java Heap may be blocking the growth of the native heap
# Possible solutions:
#   Reduce memory load on the system
#   Increase physical memory or swap space
#   Check if swap backing store is full
#   Decrease Java heap size (-Xmx/-Xms)
#   Decrease number of Java threads
#   Decrease Java thread stack sizes (-Xss)
#   Set larger code cache with -XX:ReservedCodeCacheSize=
#   JVM is running with Unscaled Compressed Oops mode in which the Java heap is
#     placed in the first 4GB address space. The Java Heap base address is the
#     maximum limit for the native heap growth. Please use -XX:HeapBaseMinAddress
#     to set the Java Heap base and to place the Java Heap above 4GB virtual address.
# This output file may be truncated or incomplete.
#
#  Out of Memory Error (os_windows.cpp:3469), pid=26284, tid=26548
#
# JRE version:  (17.0.1+12) (build )
# Java VM: Java HotSpot(TM) 64-Bit Server VM (17.0.1+12-LTS-39, mixed mode, sharing, tiered, compressed oops, compressed class ptrs, g1 gc, windows-amd64)
# No core dump will be written. Minidumps are not enabled by default on client versions of Windows
#

---------------  S U M M A R Y ------------

Command Line: -Dorg.gradle.internal.worker.tmpdir=C:\Users\Дональд\IdeaProjects\Zookeeper\Zookeeper\task\build\tmp\test\work -Dorg.gradle.native=false --add-opens=java.base/java.util=ALL-UNNAMED --add-opens=java.base/java.lang=ALL-UNNAMED -Xmx512m -Dfile.encoding=utf-8 -Duser.country=US -Duser.language=en -Duser.variant -ea worker.org.gradle.process.internal.worker.GradleWorkerMain 'Gradle Test Executor 1'

Host: Intel(R) Core(TM) i5-9300HF CPU @ 2.40GHz, 8 cores, 7G,  Windows 10 , 64 bit Build 22000 (10.0.22000.675)
Time: Fri Jun 10 11:23:28 2022 Russia TZ 4 Standard Time elapsed time: 0.023424 seconds (0d 0h 0m 0s)

---------------  T H R E A D  ---------------

Current thread (0x000001cb31206990):  JavaThread "Unknown thread" [_thread_in_vm, id=26548, stack(0x000000a7f3000000,0x000000a7f3100000)]

Stack: [0x000000a7f3000000,0x000000a7f3100000]
Native frames: (J=compiled Java code, j=interpreted, Vv=VM code, C=native code)
V  [jvm.dll+0x66fa1a]
V  [jvm.dll+0x7ce5a4]
V  [jvm.dll+0x7cfd4e]
V  [jvm.dll+0x7d03b3]
V  [jvm.dll+0x242b05]
V  [jvm.dll+0x66ca39]
V  [jvm.dll+0x661502]
V  [jvm.dll+0x30081b]
V  [jvm.dll+0x307da6]
V  [jvm.dll+0x357a1e]
V  [jvm.dll+0x357c4f]
V  [jvm.dll+0x2d7ad8]
V  [jvm.dll+0x2d8a44]
V  [jvm.dll+0x7a01e1]
V  [jvm.dll+0x365791]
V  [jvm.dll+0x77f6cc]
V  [jvm.dll+0x3e812f]
V  [jvm.dll+0x3e9bd1]
C  [jli.dll+0x527b]
C  [ucrtbase.dll+0x26c0c]
C  [KERNEL32.DLL+0x154e0]
C  [ntdll.dll+0x485b]


---------------  P R O C E S S  ---------------

Threads class SMR info:
_java_thread_list=0x00007ff8ab247818, length=0, elements={
}

Java Threads: ( => current thread )

Other Threads:
  0x000001cb3122e430 GCTaskThread "GC Thread#0" [stack: 0x000000a7f3100000,0x000000a7f3200000] [id=4072]
  0x000001cb31233180 ConcurrentGCThread "G1 Main Marker" [stack: 0x000000a7f3200000,0x000000a7f3300000] [id=11916]
  0x000001cb312349b0 ConcurrentGCThread "G1 Conc#0" [stack: 0x000000a7f3300000,0x000000a7f3400000] [id=20320]

[error occurred during error reporting (printing all threads), id 0xc0000005, EXCEPTION_ACCESS_VIOLATION (0xc0000005) at pc=0x00007ff8aaa984b7]

VM state: not at safepoint (not fully initialized)

VM Mutex/Monitor currently owned by a thread:  ([mutex/lock_event])
[0x000001cb31201fb0] Heap_lock - owner thread: 0x000001cb31206990

Heap address: 0x00000000e0000000, size: 512 MB, Compressed Oops mode: 32-bit

CDS archive(s) mapped at: [0x0000000000000000-0x0000000000000000-0x0000000000000000), size 0, SharedBaseAddress: 0x0000000800000000, ArchiveRelocationMode: 0.
Narrow klass base: 0x0000000000000000, Narrow klass shift: 0, Narrow klass range: 0x0

GC Precious Log:
<Empty>

Heap:
 garbage-first heap   total 0K, used 0K [0x00000000e0000000, 0x0000000100000000)
  region size 1024K, 0 young (0K), 0 survivors (0K)

[error occurred during error reporting (printing heap information), id 0xc0000005, EXCEPTION_ACCESS_VIOLATION (0xc0000005) at pc=0x00007ff8aae78d89]

GC Heap History (0 events):
No events

Deoptimization events (0 events):
No events

Classes unloaded (0 events):
No events

Classes redefined (0 events):
No events

Internal exceptions (0 events):
No events

VM Operations (0 events):
No events

Events (1 events):
Event: 0.011 Loaded shared library C:\Program Files\Java\jdk-17.0.1\bin\java.dll


Dynamic libraries:
0x00007ff6402d0000 - 0x00007ff6402e0000 	C:\Program Files\Java\jdk-17.0.1\bin\java.exe
0x00007ff924b60000 - 0x00007ff924d69000 	C:\WINDOWS\SYSTEM32\ntdll.dll
0x00007ff922f80000 - 0x00007ff92303d000 	C:\WINDOWS\System32\KERNEL32.DLL
0x00007ff922050000 - 0x00007ff9223c9000 	C:\WINDOWS\System32\KERNELBASE.dll
0x00007ff9224c0000 - 0x00007ff9225d1000 	C:\WINDOWS\System32\ucrtbase.dll
0x00007ff8e6ef0000 - 0x00007ff8e6f08000 	C:\Program Files\Java\jdk-17.0.1\bin\jli.dll
0x00007ff9249e0000 - 0x00007ff924a8e000 	C:\WINDOWS\System32\ADVAPI32.dll
0x00007ff922ed0000 - 0x00007ff922f73000 	C:\WINDOWS\System32\msvcrt.dll
0x00007ff924940000 - 0x00007ff9249de000 	C:\WINDOWS\System32\sechost.dll
0x00007ff8e4e00000 - 0x00007ff8e4e1a000 	C:\Program Files\Java\jdk-17.0.1\bin\VCRUNTIME140.dll
0x00007ff923cf0000 - 0x00007ff923e10000 	C:\WINDOWS\System32\RPCRT4.dll
0x00007ff923e20000 - 0x00007ff923fcc000 	C:\WINDOWS\System32\USER32.dll
0x00007ff921270000 - 0x00007ff921515000 	C:\WINDOWS\WinSxS\amd64_microsoft.windows.common-controls_6595b64144ccf1df_6.0.22000.120_none_9d947278b86cc467\COMCTL32.dll
0x00007ff922750000 - 0x00007ff922776000 	C:\WINDOWS\System32\win32u.dll
0x00007ff923040000 - 0x00007ff923069000 	C:\WINDOWS\System32\GDI32.dll
0x00007ff9228e0000 - 0x00007ff9229f2000 	C:\WINDOWS\System32\gdi32full.dll
0x00007ff922840000 - 0x00007ff9228dd000 	C:\WINDOWS\System32\msvcp_win.dll
0x00007ff91e170000 - 0x00007ff91e17a000 	C:\WINDOWS\SYSTEM32\VERSION.dll
0x00007ff923350000 - 0x00007ff923381000 	C:\WINDOWS\System32\IMM32.DLL
0x00007ff904b00000 - 0x00007ff904b0c000 	C:\Program Files\Java\jdk-17.0.1\bin\vcruntime140_1.dll
0x00007ff8b87d0000 - 0x00007ff8b885d000 	C:\Program Files\Java\jdk-17.0.1\bin\msvcp140.dll
0x00007ff8aa7b0000 - 0x00007ff8ab36e000 	C:\Program Files\Java\jdk-17.0.1\bin\server\jvm.dll
0x00007ff924930000 - 0x00007ff924938000 	C:\WINDOWS\System32\PSAPI.DLL
0x00007ff8f7340000 - 0x00007ff8f7349000 	C:\WINDOWS\SYSTEM32\WSOCK32.dll
0x00007ff9247d0000 - 0x00007ff92483f000 	C:\WINDOWS\System32\WS2_32.dll
0x00007ff91b030000 - 0x00007ff91b063000 	C:\WINDOWS\SYSTEM32\WINMM.dll
0x00007ff9202d0000 - 0x00007ff9202e8000 	C:\WINDOWS\SYSTEM32\kernel.appcore.dll
0x00007ff8f72d0000 - 0x00007ff8f72da000 	C:\Program Files\Java\jdk-17.0.1\bin\jimage.dll
0x00007ff9219a0000 - 0x00007ff921bc1000 	C:\WINDOWS\SYSTEM32\DBGHELP.DLL
0x00007ff9216e0000 - 0x00007ff921711000 	C:\WINDOWS\SYSTEM32\dbgcore.DLL
0x00007ff9223d0000 - 0x00007ff92244f000 	C:\WINDOWS\System32\bcryptPrimitives.dll
0x00007ff8d1100000 - 0x00007ff8d1125000 	C:\Program Files\Java\jdk-17.0.1\bin\java.dll

dbghelp: loaded successfully - version: 4.0.5 - missing functions: none
symbol engine: initialized successfully - sym options: 0x614 - pdb path: .;C:\Program Files\Java\jdk-17.0.1\bin;C:\WINDOWS\SYSTEM32;C:\WINDOWS\WinSxS\amd64_microsoft.windows.common-controls_6595b64144ccf1df_6.0.22000.120_none_9d947278b86cc467;C:\Program Files\Java\jdk-17.0.1\bin\server

VM Arguments:
jvm_args: -Dorg.gradle.internal.worker.tmpdir=C:\Users\Дональд\IdeaProjects\Zookeeper\Zookeeper\task\build\tmp\test\work -Dorg.gradle.native=false --add-opens=java.base/java.util=ALL-UNNAMED --add-opens=java.base/java.lang=ALL-UNNAMED -Xmx512m -Dfile.encoding=utf-8 -Duser.country=US -Duser.language=en -Duser.variant -ea 
java_command: worker.org.gradle.process.internal.worker.GradleWorkerMain 'Gradle Test Executor 1'
java_class_path (initial): C:\\Users\\Дональд\\.gradle\\caches\\7.3.3\\workerMain\\gradle-worker.jar;C:\\Users\\Дональд\\IdeaProjects\\Zookeeper\\Zookeeper\\task\\build\\classes\\kotlin\\test;C:\\Users\\Дональд\\IdeaProjects\\Zookeeper\\Zookeeper\\task\\build\\classes\\kotlin\\main;C:\\Users\\Дональд\\.gradle\\caches\\modules-2\\files-2.1\\org.jetbrains.kotlin\\kotlin-stdlib-jdk8\\1.6.10\\e80fe6ac3c3573a80305f5ec43f86b829e8ab53d\\kotlin-stdlib-jdk8-1.6.10.jar;C:\\Users\\Дональд\\.gradle\\caches\\modules-2\\files-2.1\\com.github.hyperskill\\hs-test\\release-SNAPSHOT\\9ba6b13f29957863e1a1165b4b8c99db1a1370ab\\hs-test-release-SNAPSHOT.jar;C:\\Users\\Дональд\\.gradle\\caches\\modules-2\\files-2.1\\org.jetbrains.kotlin\\kotlin-stdlib-jdk7\\1.6.10\\e1c380673654a089c4f0c9f83d0ddfdc1efdb498\\kotlin-stdlib-jdk7-1.6.10.jar;C:\\Users\\Дональд\\.gradle\\caches\\modules-2\\files-2.1\\org.jetbrains.kotlin\\kotlin-stdlib\\1.6.10\\b8af3fe6f1ca88526914929add63cf5e7c5049af\\kotlin-stdlib-1.6.10.jar;C:\\Users\\Дональд\\.gradle\\caches\\modules-2\\files-2.1\\org.assertj\\assertj-swing-junit\\3.9.2\\bfb268835c0e94cbe50bf0277864ff4f7467cb34\\assertj-swing-junit-3.9.2.jar;C:\\Users\\Дональд\\.gradle\\caches\\modules-2\\files-2.1\\junit\\junit\\4.12\\2973d150c0dc1fefe998f834810d68f278ea58ec\\junit-4.12.jar;C:\\Users\\Дональд\\.gradle\\caches\\modules-2\\files-2.1\\org.apache.httpcomponents\\httpclient\\4.5.9\\a25c1be5ce99d0ce99aa43eb982868c796dd0775\\httpclient-4.5.9.jar;C:\\Users\\Дональд\\.gradle\\caches\\modules-2\\files-2.1\\com.google.code.gson\\gson\\2.8.5\\f645ed69d595b24d4cf8b3fbb64cc505bede8829\\gson-2.8.5.jar;C:\\Users\\Дональд\\.gradle\\caches\\modules-2\\files-2.1\\org.jetbrains\\annotations\\13.0\\919f0dfe192fb4e063e7dacadee7f8bb9a2672a9\\annotations-13.0.jar;C:\\Users\\Дональд\\.gradle\\caches\\modules-2\\files-2.1\\org.jetbrains.kotlin\\kotlin-stdlib-common\\1.6.10\\c118700e3a33c8a0d9adc920e9dec0831171925\\kotlin-stdlib-common-1.6.10.jar;C:\\Users\\Дональд\\.gradle\\caches
Launcher Type: SUN_STANDARD

[Global flags]
     intx CICompilerCount                          = 4                                         {product} {ergonomic}
     uint ConcGCThreads                            = 2                                         {product} {ergonomic}
     uint G1ConcRefinementThreads                  = 8                                         {product} {ergonomic}
   size_t G1HeapRegionSize                         = 1048576                                   {product} {ergonomic}
    uintx GCDrainStackTargetSize                   = 64                                        {product} {ergonomic}
   size_t InitialHeapSize                          = 134217728                                 {product} {ergonomic}
   size_t MarkStackSize                            = 4194304                                   {product} {ergonomic}
   size_t MaxHeapSize                              = 536870912                                 {product} {command line}
   size_t MinHeapDeltaBytes                        = 1048576                                   {product} {ergonomic}
   size_t MinHeapSize                              = 8388608                                   {product} {ergonomic}
    uintx NonNMethodCodeHeapSize                   = 5839372                                {pd product} {ergonomic}
    uintx NonProfiledCodeHeapSize                  = 122909434                              {pd product} {ergonomic}
    uintx ProfiledCodeHeapSize                     = 122909434                              {pd product} {ergonomic}
    uintx ReservedCodeCacheSize                    = 251658240                              {pd product} {ergonomic}
     bool SegmentedCodeCache                       = true                                      {product} {ergonomic}
   size_t SoftMaxHeapSize                          = 536870912                              {manageable} {ergonomic}
     bool UseCompressedClassPointers               = true                           {product lp64_product} {ergonomic}
     bool UseCompressedOops                        = true                           {product lp64_product} {ergonomic}
     bool UseG1GC                                  = true                                      {product} {ergonomic}
     bool UseLargePagesIndividualAllocation        = false                                  {pd product} {ergonomic}

Logging:
Log output configuration:
 #0: stdout all=warning uptime,level,tags
 #1: stderr all=off uptime,level,tags

Environment Variables:
PATH=C:\Python310\Scripts\;C:\Python310\;C:\Program Files\Microsoft\jdk-11.0.12.7-hotspot\bin;C:\Program Files\Microsoft MPI\Bin\;C:\Program Files\Common Files\Oracle\Java\javapath;C:\Windows\system32;C:\Windows;C:\Windows\System32\Wbem;C:\Windows\System32\WindowsPowerShell\v1.0\;C:\Windows\System32\OpenSSH\;C:\Program Files (x86)\NVIDIA Corporation\PhysX\Common;C:\Program Files\NVIDIA Corporation\NVIDIA NvDLISR;C:\WINDOWS\system32;C:\WINDOWS;C:\WINDOWS\System32\Wbem;C:\WINDOWS\System32\WindowsPowerShell\v1.0\;C:\WINDOWS\System32\OpenSSH\;C:\Program Files\dotnet\;C:\Program Files\Microsoft SQL Server\Client SDK\ODBC\170\Tools\Binn\;C:\Program Files\Java\jdk-11\bin;C:\Program Files\Git\bin\;C:\Program Files\Git\cmd\;C:\Program Files\PostgreSQL\13\bin;C:\Program Files\Microsoft SQL Server\130\Tools\Binn\;C:\Program Files\Symfony;C:\xampp\php;C:\ProgramData\ComposerSetup\bin;C:\ProgramData\chocolatey\bin;C:\Program Files (x86)\Microsoft SQL Server\150\DTS\Binn\;C:\Program Files\Azure Data Studio\bin;C:\Users\Дональд\AppData\Local\Programs\Python\Python39\Scripts;C:\Users\Дональд\AppData\Local\Programs\Python\Python39;%HOME%\pip\pip.ini;C:\Program Files (x86)\Microsoft SQL Server\150\Tools\Binn\;C:\Program Files\Microsoft SQL Server\150\Tools\Binn\;C:\Program Files\Microsoft SQL Server\150\DTS\Binn\;C:\Program Files\Common Files\Autodesk Shared\;C:\Program Files\Microsoft SQL Server\120\Tools\Binn\;C:\MinGW\bin;C:\Users\Дональд\AppData\Roaming\Python\Python310\Scripts;C:\Program Files (x86)\dotnet\;C:\Program Files\nodejs\;C:\Program Files\GitHub CLI\;C:\Program Files\MySQL\MySQL Shell 8.0\bin\;C:\Users\Дональд\AppData\Local\Microsoft\WindowsApps;C:\Users\Дональд\AppData\Local\Programs\Microsoft VS Code\bin;C:\Program Files\heroku\bin;C:\Users\Дональд\AppData\Local\GitHubDesktop\bin;C:\Users\Дональд\AppData\Roaming\Composer\vendor\bin;C:\Users\Дональд\.dotnet\tools;C:\Users\Дональд\AppData\Local\atom\bin;C:\Program Files\JetBrains\IntelliJ IDEA Community Edition 2021.2.1\b
USERNAME=Дональд
OS=Windows_NT
PROCESSOR_IDENTIFIER=Intel64 Family 6 Model 158 Stepping 13, GenuineIntel



---------------  S Y S T E M  ---------------

OS:
 Windows 10 , 64 bit Build 22000 (10.0.22000.675)
OS uptime: 4 days 8:14 hours

CPU: total 8 (initial active 8) (4 cores per cpu, 2 threads per core) family 6 model 158 stepping 13 microcode 0xde, cx8, cmov, fxsr, ht, mmx, 3dnowpref, sse, sse2, sse3, ssse3, sse4.1, sse4.2, popcnt, lzcnt, tsc, tscinvbit, avx, avx2, aes, erms, clmul, bmi1, bmi2, adx, fma, vzeroupper, clflush, clflushopt

Memory: 4k page, system-wide physical 8112M (230M free)
TotalPageFile size 32688M (AvailPageFile size 9M)
current process WorkingSet (physical memory assigned to process): 10M, peak: 10M
current process commit charge ("private bytes"): 59M, peak: 187M

vm_info: Java HotSpot(TM) 64-Bit Server VM (17.0.1+12-LTS-39) for windows-amd64 JRE (17.0.1+12-LTS-39), built on Sep 27 2021 18:41:35 by "mach5one" with MS VC++ 16.8 (VS2019)

END.
